2025-02-09 08:51:27,767 [Worker-2: Loading available Gradle versions] INFO  o.e.b.c.i.u.g.PublishedGradleVersions - Gradle version information cache is not available. Remote download required.
2025-02-09 09:03:59,510 [Worker-5: Importing Maven projects] INFO  o.e.m.c.i.l.LifecycleMappingFactory - Using org.eclipse.m2e.jdt.JarLifecycleMapping lifecycle mapping for MavenProject: com.prs:Propert-Rental-System:0.0.1-SNAPSHOT @ C:\Users\Shubham\Desktop\EasyHome\Property-Rental-System\pom.xml.
2025-02-09 09:04:01,635 [Worker-5: Importing Maven projects] INFO  o.e.m.j.i.AbstractJavaProjectConfigurator - Adding source folder /Property-Rental-System/src/main/java
2025-02-09 09:04:01,636 [Worker-5: Importing Maven projects] INFO  o.e.m.j.i.AbstractJavaProjectConfigurator - Adding resource folder /Property-Rental-System/src/main/resources
2025-02-09 09:04:01,641 [Worker-5: Importing Maven projects] INFO  o.e.m.j.i.AbstractJavaProjectConfigurator - Adding resource folder /Property-Rental-System/src/main/resources
2025-02-09 09:04:01,645 [Worker-5: Importing Maven projects] INFO  o.e.m.j.i.AbstractJavaProjectConfigurator - Adding source folder /Property-Rental-System/src/test/java
2025-02-09 09:04:01,646 [Worker-5: Importing Maven projects] INFO  o.e.m.j.i.AbstractJavaProjectConfigurator - Adding resource folder /Property-Rental-System/src/test/resources
2025-02-09 09:04:02,662 [Worker-5: Importing Maven projects] INFO  o.e.m.c.i.p.ProjectConfigurationManager - Imported and configured 1 project(s) in 5 sec
2025-02-09 09:04:07,225 [Worker-11: Building] INFO  o.a.m.s.f.DefaultMavenResourcesFiltering - Copying 1 resource from src\main\resources to target\classes
2025-02-09 09:04:07,272 [Worker-11: Building] INFO  o.a.m.s.f.DefaultMavenResourcesFiltering - Copying 0 resource from src\main\resources to target\classes
2025-02-09 09:04:07,286 [Worker-11: Building] INFO  o.a.m.s.f.DefaultMavenResourcesFiltering - skip non existing resourceDirectory C:\Users\Shubham\Desktop\EasyHome\Property-Rental-System\src\test\resources
2025-02-09 09:05:59,846 [Worker-15: Building] INFO  o.a.m.s.f.DefaultMavenResourcesFiltering - Copying 1 resource from src\main\resources to target\classes
2025-02-09 09:05:59,856 [Worker-15: Building] INFO  o.a.m.s.f.DefaultMavenResourcesFiltering - Copying 0 resource from src\main\resources to target\classes
2025-02-09 09:05:59,860 [Worker-15: Building] INFO  o.a.m.s.f.DefaultMavenResourcesFiltering - skip non existing resourceDirectory C:\Users\Shubham\Desktop\EasyHome\Property-Rental-System\src\test\resources
2025-02-09 09:06:10,171 [main] INFO  o.e.m2e.actions.ExecutePomAction - Creating new launch configuration
2025-02-09 09:06:24,835 [Worker-17: Launching Property-Rental-System] INFO  o.eclipse.m2e.core.internal.Bundles - getClasspathEntries(Bundle=org.eclipse.m2e.maven.runtime_3.9.900.20240824-1409 [360])
2025-02-09 09:06:24,837 [Worker-17: Launching Property-Rental-System] INFO  o.eclipse.m2e.core.internal.Bundles - 	Entry: C:\sts-bundle\sts-4.26.0.RELEASE\plugins\org.eclipse.m2e.maven.runtime_3.9.900.20240824-1409
2025-02-09 09:06:24,837 [Worker-17: Launching Property-Rental-System] INFO  o.eclipse.m2e.core.internal.Bundles - 	Entry: C:\sts-bundle\sts-4.26.0.RELEASE\plugins\org.eclipse.m2e.maven.runtime_3.9.900.20240824-1409\jars\aopalliance-1.0.jar
2025-02-09 09:06:24,837 [Worker-17: Launching Property-Rental-System] INFO  o.eclipse.m2e.core.internal.Bundles - 	Entry: C:\sts-bundle\sts-4.26.0.RELEASE\plugins\org.eclipse.m2e.maven.runtime_3.9.900.20240824-1409\jars\guice-5.1.0.jar
2025-02-09 09:06:24,837 [Worker-17: Launching Property-Rental-System] INFO  o.eclipse.m2e.core.internal.Bundles - 	Entry: C:\sts-bundle\sts-4.26.0.RELEASE\plugins\org.eclipse.m2e.maven.runtime_3.9.900.20240824-1409\jars\httpclient-4.5.14.jar
2025-02-09 09:06:24,838 [Worker-17: Launching Property-Rental-System] INFO  o.eclipse.m2e.core.internal.Bundles - 	Entry: C:\sts-bundle\sts-4.26.0.RELEASE\plugins\org.eclipse.m2e.maven.runtime_3.9.900.20240824-1409\jars\httpcore-4.4.16.jar
2025-02-09 09:06:24,838 [Worker-17: Launching Property-Rental-System] INFO  o.eclipse.m2e.core.internal.Bundles - 	Entry: C:\sts-bundle\sts-4.26.0.RELEASE\plugins\org.eclipse.m2e.maven.runtime_3.9.900.20240824-1409\jars\jansi-2.4.1.jar
2025-02-09 09:06:24,838 [Worker-17: Launching Property-Rental-System] INFO  o.eclipse.m2e.core.internal.Bundles - 	Entry: C:\sts-bundle\sts-4.26.0.RELEASE\plugins\org.eclipse.m2e.maven.runtime_3.9.900.20240824-1409\jars\jcl-over-slf4j-1.7.36.jar
2025-02-09 09:06:24,838 [Worker-17: Launching Property-Rental-System] INFO  o.eclipse.m2e.core.internal.Bundles - 	Entry: C:\sts-bundle\sts-4.26.0.RELEASE\plugins\org.eclipse.m2e.maven.runtime_3.9.900.20240824-1409\jars\maven-artifact-3.9.9.jar
2025-02-09 09:06:24,838 [Worker-17: Launching Property-Rental-System] INFO  o.eclipse.m2e.core.internal.Bundles - 	Entry: C:\sts-bundle\sts-4.26.0.RELEASE\plugins\org.eclipse.m2e.maven.runtime_3.9.900.20240824-1409\jars\maven-builder-support-3.9.9.jar
2025-02-09 09:06:24,838 [Worker-17: Launching Property-Rental-System] INFO  o.eclipse.m2e.core.internal.Bundles - 	Entry: C:\sts-bundle\sts-4.26.0.RELEASE\plugins\org.eclipse.m2e.maven.runtime_3.9.900.20240824-1409\jars\maven-compat-3.9.9.jar
2025-02-09 09:06:24,838 [Worker-17: Launching Property-Rental-System] INFO  o.eclipse.m2e.core.internal.Bundles - 	Entry: C:\sts-bundle\sts-4.26.0.RELEASE\plugins\org.eclipse.m2e.maven.runtime_3.9.900.20240824-1409\jars\maven-core-3.9.9.jar
2025-02-09 09:06:24,839 [Worker-17: Launching Property-Rental-System] INFO  o.eclipse.m2e.core.internal.Bundles - 	Entry: C:\sts-bundle\sts-4.26.0.RELEASE\plugins\org.eclipse.m2e.maven.runtime_3.9.900.20240824-1409\jars\maven-embedder-3.9.9.jar
2025-02-09 09:06:24,839 [Worker-17: Launching Property-Rental-System] INFO  o.eclipse.m2e.core.internal.Bundles - 	Entry: C:\sts-bundle\sts-4.26.0.RELEASE\plugins\org.eclipse.m2e.maven.runtime_3.9.900.20240824-1409\jars\maven-model-3.9.9.jar
2025-02-09 09:06:24,839 [Worker-17: Launching Property-Rental-System] INFO  o.eclipse.m2e.core.internal.Bundles - 	Entry: C:\sts-bundle\sts-4.26.0.RELEASE\plugins\org.eclipse.m2e.maven.runtime_3.9.900.20240824-1409\jars\maven-model-builder-3.9.9.jar
2025-02-09 09:06:24,839 [Worker-17: Launching Property-Rental-System] INFO  o.eclipse.m2e.core.internal.Bundles - 	Entry: C:\sts-bundle\sts-4.26.0.RELEASE\plugins\org.eclipse.m2e.maven.runtime_3.9.900.20240824-1409\jars\maven-plugin-api-3.9.9.jar
2025-02-09 09:06:24,840 [Worker-17: Launching Property-Rental-System] INFO  o.eclipse.m2e.core.internal.Bundles - 	Entry: C:\sts-bundle\sts-4.26.0.RELEASE\plugins\org.eclipse.m2e.maven.runtime_3.9.900.20240824-1409\jars\maven-repository-metadata-3.9.9.jar
2025-02-09 09:06:24,840 [Worker-17: Launching Property-Rental-System] INFO  o.eclipse.m2e.core.internal.Bundles - 	Entry: C:\sts-bundle\sts-4.26.0.RELEASE\plugins\org.eclipse.m2e.maven.runtime_3.9.900.20240824-1409\jars\maven-resolver-api-1.9.22.jar
2025-02-09 09:06:24,840 [Worker-17: Launching Property-Rental-System] INFO  o.eclipse.m2e.core.internal.Bundles - 	Entry: C:\sts-bundle\sts-4.26.0.RELEASE\plugins\org.eclipse.m2e.maven.runtime_3.9.900.20240824-1409\jars\maven-resolver-connector-basic-1.9.22.jar
2025-02-09 09:06:24,840 [Worker-17: Launching Property-Rental-System] INFO  o.eclipse.m2e.core.internal.Bundles - 	Entry: C:\sts-bundle\sts-4.26.0.RELEASE\plugins\org.eclipse.m2e.maven.runtime_3.9.900.20240824-1409\jars\maven-resolver-impl-1.9.22.jar
2025-02-09 09:06:24,841 [Worker-17: Launching Property-Rental-System] INFO  o.eclipse.m2e.core.internal.Bundles - 	Entry: C:\sts-bundle\sts-4.26.0.RELEASE\plugins\org.eclipse.m2e.maven.runtime_3.9.900.20240824-1409\jars\maven-resolver-named-locks-1.9.22.jar
2025-02-09 09:06:24,841 [Worker-17: Launching Property-Rental-System] INFO  o.eclipse.m2e.core.internal.Bundles - 	Entry: C:\sts-bundle\sts-4.26.0.RELEASE\plugins\org.eclipse.m2e.maven.runtime_3.9.900.20240824-1409\jars\maven-resolver-provider-3.9.9.jar
2025-02-09 09:06:24,841 [Worker-17: Launching Property-Rental-System] INFO  o.eclipse.m2e.core.internal.Bundles - 	Entry: C:\sts-bundle\sts-4.26.0.RELEASE\plugins\org.eclipse.m2e.maven.runtime_3.9.900.20240824-1409\jars\maven-resolver-spi-1.9.22.jar
2025-02-09 09:06:24,841 [Worker-17: Launching Property-Rental-System] INFO  o.eclipse.m2e.core.internal.Bundles - 	Entry: C:\sts-bundle\sts-4.26.0.RELEASE\plugins\org.eclipse.m2e.maven.runtime_3.9.900.20240824-1409\jars\maven-resolver-transport-file-1.9.22.jar
2025-02-09 09:06:24,841 [Worker-17: Launching Property-Rental-System] INFO  o.eclipse.m2e.core.internal.Bundles - 	Entry: C:\sts-bundle\sts-4.26.0.RELEASE\plugins\org.eclipse.m2e.maven.runtime_3.9.900.20240824-1409\jars\maven-resolver-transport-http-1.9.22.jar
2025-02-09 09:06:24,841 [Worker-17: Launching Property-Rental-System] INFO  o.eclipse.m2e.core.internal.Bundles - 	Entry: C:\sts-bundle\sts-4.26.0.RELEASE\plugins\org.eclipse.m2e.maven.runtime_3.9.900.20240824-1409\jars\maven-resolver-transport-wagon-1.9.22.jar
2025-02-09 09:06:24,841 [Worker-17: Launching Property-Rental-System] INFO  o.eclipse.m2e.core.internal.Bundles - 	Entry: C:\sts-bundle\sts-4.26.0.RELEASE\plugins\org.eclipse.m2e.maven.runtime_3.9.900.20240824-1409\jars\maven-resolver-util-1.9.22.jar
2025-02-09 09:06:24,842 [Worker-17: Launching Property-Rental-System] INFO  o.eclipse.m2e.core.internal.Bundles - 	Entry: C:\sts-bundle\sts-4.26.0.RELEASE\plugins\org.eclipse.m2e.maven.runtime_3.9.900.20240824-1409\jars\maven-settings-3.9.9.jar
2025-02-09 09:06:24,842 [Worker-17: Launching Property-Rental-System] INFO  o.eclipse.m2e.core.internal.Bundles - 	Entry: C:\sts-bundle\sts-4.26.0.RELEASE\plugins\org.eclipse.m2e.maven.runtime_3.9.900.20240824-1409\jars\maven-settings-builder-3.9.9.jar
2025-02-09 09:06:24,842 [Worker-17: Launching Property-Rental-System] INFO  o.eclipse.m2e.core.internal.Bundles - 	Entry: C:\sts-bundle\sts-4.26.0.RELEASE\plugins\org.eclipse.m2e.maven.runtime_3.9.900.20240824-1409\jars\maven-shared-utils-3.4.2.jar
2025-02-09 09:06:24,842 [Worker-17: Launching Property-Rental-System] INFO  o.eclipse.m2e.core.internal.Bundles - 	Entry: C:\sts-bundle\sts-4.26.0.RELEASE\plugins\org.eclipse.m2e.maven.runtime_3.9.900.20240824-1409\jars\org.eclipse.sisu.inject-0.9.0.M3.jar
2025-02-09 09:06:24,842 [Worker-17: Launching Property-Rental-System] INFO  o.eclipse.m2e.core.internal.Bundles - 	Entry: C:\sts-bundle\sts-4.26.0.RELEASE\plugins\org.eclipse.m2e.maven.runtime_3.9.900.20240824-1409\jars\org.eclipse.sisu.plexus-0.9.0.M3.jar
2025-02-09 09:06:24,842 [Worker-17: Launching Property-Rental-System] INFO  o.eclipse.m2e.core.internal.Bundles - 	Entry: C:\sts-bundle\sts-4.26.0.RELEASE\plugins\org.eclipse.m2e.maven.runtime_3.9.900.20240824-1409\jars\plexus-build-api-0.0.7.jar
2025-02-09 09:06:24,842 [Worker-17: Launching Property-Rental-System] INFO  o.eclipse.m2e.core.internal.Bundles - 	Entry: C:\sts-bundle\sts-4.26.0.RELEASE\plugins\org.eclipse.m2e.maven.runtime_3.9.900.20240824-1409\jars\plexus-build-api-1.2.0.jar
2025-02-09 09:06:24,842 [Worker-17: Launching Property-Rental-System] INFO  o.eclipse.m2e.core.internal.Bundles - 	Entry: C:\sts-bundle\sts-4.26.0.RELEASE\plugins\org.eclipse.m2e.maven.runtime_3.9.900.20240824-1409\jars\plexus-cipher-2.0.jar
2025-02-09 09:06:24,843 [Worker-17: Launching Property-Rental-System] INFO  o.eclipse.m2e.core.internal.Bundles - 	Entry: C:\sts-bundle\sts-4.26.0.RELEASE\plugins\org.eclipse.m2e.maven.runtime_3.9.900.20240824-1409\jars\plexus-classworlds-2.8.0.jar
2025-02-09 09:06:24,843 [Worker-17: Launching Property-Rental-System] INFO  o.eclipse.m2e.core.internal.Bundles - 	Entry: C:\sts-bundle\sts-4.26.0.RELEASE\plugins\org.eclipse.m2e.maven.runtime_3.9.900.20240824-1409\jars\plexus-component-annotations-2.1.0.jar
2025-02-09 09:06:24,843 [Worker-17: Launching Property-Rental-System] INFO  o.eclipse.m2e.core.internal.Bundles - 	Entry: C:\sts-bundle\sts-4.26.0.RELEASE\plugins\org.eclipse.m2e.maven.runtime_3.9.900.20240824-1409\jars\plexus-interpolation-1.27.jar
2025-02-09 09:06:24,843 [Worker-17: Launching Property-Rental-System] INFO  o.eclipse.m2e.core.internal.Bundles - 	Entry: C:\sts-bundle\sts-4.26.0.RELEASE\plugins\org.eclipse.m2e.maven.runtime_3.9.900.20240824-1409\jars\plexus-sec-dispatcher-2.0.jar
2025-02-09 09:06:24,843 [Worker-17: Launching Property-Rental-System] INFO  o.eclipse.m2e.core.internal.Bundles - 	Entry: C:\sts-bundle\sts-4.26.0.RELEASE\plugins\org.eclipse.m2e.maven.runtime_3.9.900.20240824-1409\jars\plexus-utils-3.5.1.jar
2025-02-09 09:06:24,843 [Worker-17: Launching Property-Rental-System] INFO  o.eclipse.m2e.core.internal.Bundles - 	Entry: C:\sts-bundle\sts-4.26.0.RELEASE\plugins\org.eclipse.m2e.maven.runtime_3.9.900.20240824-1409\jars\plexus-xml-3.0.1.jar
2025-02-09 09:06:24,843 [Worker-17: Launching Property-Rental-System] INFO  o.eclipse.m2e.core.internal.Bundles - 	Entry: C:\sts-bundle\sts-4.26.0.RELEASE\plugins\org.eclipse.m2e.maven.runtime_3.9.900.20240824-1409\jars\wagon-file-3.5.3.jar
2025-02-09 09:06:24,843 [Worker-17: Launching Property-Rental-System] INFO  o.eclipse.m2e.core.internal.Bundles - 	Entry: C:\sts-bundle\sts-4.26.0.RELEASE\plugins\org.eclipse.m2e.maven.runtime_3.9.900.20240824-1409\jars\wagon-http-3.5.3.jar
2025-02-09 09:06:24,844 [Worker-17: Launching Property-Rental-System] INFO  o.eclipse.m2e.core.internal.Bundles - 	Entry: C:\sts-bundle\sts-4.26.0.RELEASE\plugins\org.eclipse.m2e.maven.runtime_3.9.900.20240824-1409\jars\wagon-http-shared-3.5.3.jar
2025-02-09 09:06:24,844 [Worker-17: Launching Property-Rental-System] INFO  o.eclipse.m2e.core.internal.Bundles - 	Entry: C:\sts-bundle\sts-4.26.0.RELEASE\plugins\org.eclipse.m2e.maven.runtime_3.9.900.20240824-1409\jars\wagon-provider-api-3.5.3.jar
2025-02-09 09:06:24,846 [Worker-17: Launching Property-Rental-System] INFO  o.eclipse.m2e.core.internal.Bundles - getClasspathEntries(Bundle=com.google.guava_33.3.0.jre [29])
2025-02-09 09:06:24,847 [Worker-17: Launching Property-Rental-System] INFO  o.eclipse.m2e.core.internal.Bundles - 	Entry: C:\sts-bundle\sts-4.26.0.RELEASE\plugins\com.google.guava_33.3.0.jre.jar
2025-02-09 09:06:24,847 [Worker-17: Launching Property-Rental-System] INFO  o.eclipse.m2e.core.internal.Bundles - getClasspathEntries(Bundle=slf4j.api_2.0.16 [593])
2025-02-09 09:06:24,847 [Worker-17: Launching Property-Rental-System] INFO  o.eclipse.m2e.core.internal.Bundles - 	Entry: C:\sts-bundle\sts-4.26.0.RELEASE\plugins\slf4j.api_2.0.16.jar
2025-02-09 09:06:24,847 [Worker-17: Launching Property-Rental-System] INFO  o.eclipse.m2e.core.internal.Bundles - getClasspathEntries(Bundle=jakarta.inject.jakarta.inject-api_1.0.5 [45])
2025-02-09 09:06:24,847 [Worker-17: Launching Property-Rental-System] INFO  o.eclipse.m2e.core.internal.Bundles - 	Entry: C:\sts-bundle\sts-4.26.0.RELEASE\plugins\jakarta.inject.jakarta.inject-api_1.0.5.jar
2025-02-09 09:06:24,847 [Worker-17: Launching Property-Rental-System] INFO  o.eclipse.m2e.core.internal.Bundles - getClasspathEntries(Bundle=jakarta.annotation-api_1.3.5 [41])
2025-02-09 09:06:24,847 [Worker-17: Launching Property-Rental-System] INFO  o.eclipse.m2e.core.internal.Bundles - 	Entry: C:\sts-bundle\sts-4.26.0.RELEASE\plugins\jakarta.annotation-api_1.3.5.jar
2025-02-09 09:06:24,847 [Worker-17: Launching Property-Rental-System] INFO  o.eclipse.m2e.core.internal.Bundles - getClasspathEntries(Bundle=org.apache.commons.cli_1.9.0 [77])
2025-02-09 09:06:24,847 [Worker-17: Launching Property-Rental-System] INFO  o.eclipse.m2e.core.internal.Bundles - 	Entry: C:\sts-bundle\sts-4.26.0.RELEASE\plugins\org.apache.commons.cli_1.9.0.jar
2025-02-09 09:06:24,847 [Worker-17: Launching Property-Rental-System] INFO  o.eclipse.m2e.core.internal.Bundles - getClasspathEntries(Bundle=org.apache.commons.commons-codec_1.16.0 [80])
2025-02-09 09:06:24,849 [Worker-17: Launching Property-Rental-System] INFO  o.eclipse.m2e.core.internal.Bundles - 	Entry: C:\sts-bundle\sts-4.26.0.RELEASE\plugins\org.apache.commons.commons-codec_1.16.0.jar
2025-02-09 09:06:24,849 [Worker-17: Launching Property-Rental-System] INFO  o.eclipse.m2e.core.internal.Bundles - getClasspathEntries(Bundle=com.google.guava.failureaccess_1.0.2 [30])
2025-02-09 09:06:24,849 [Worker-17: Launching Property-Rental-System] INFO  o.eclipse.m2e.core.internal.Bundles - 	Entry: C:\sts-bundle\sts-4.26.0.RELEASE\plugins\com.google.guava.failureaccess_1.0.2.jar
2025-02-09 09:06:24,852 [Worker-17: Launching Property-Rental-System] INFO  o.e.m.i.launch.MavenLaunchDelegate - Run build in "C:\Users\Shubham\Desktop\EasyHome\Property-Rental-System":
2025-02-09 09:06:24,857 [Worker-17: Launching Property-Rental-System] INFO  o.e.m.i.launch.MavenLaunchDelegate -  mvn  -B -Dmaven.test.skip=true -DskipTests -Dstyle.color=always clean package
2025-02-09 10:05:09,177 [Worker-3: Loading available Gradle versions] INFO  o.e.b.c.i.u.g.PublishedGradleVersions - Gradle version information cache is up-to-date. Trying to read.
2025-02-09 10:10:12,994 [Worker-0: Building] INFO  o.a.m.s.f.DefaultMavenResourcesFiltering - Copying 1 resource from src\main\resources to target\classes
2025-02-09 10:10:13,034 [Worker-0: Building] INFO  o.a.m.s.f.DefaultMavenResourcesFiltering - Copying 0 resource from src\main\resources to target\classes
2025-02-09 10:10:13,041 [Worker-0: Building] INFO  o.a.m.s.f.DefaultMavenResourcesFiltering - skip non existing resourceDirectory C:\Users\Shubham\Desktop\EasyHome\Property-Rental-System\src\test\resources
2025-02-09 10:10:16,287 [Worker-20: Building] INFO  o.a.m.s.f.DefaultMavenResourcesFiltering - Copying 1 resource from src\main\resources to target\classes
2025-02-09 10:10:16,311 [Worker-20: Building] INFO  o.a.m.s.f.DefaultMavenResourcesFiltering - Copying 0 resource from src\main\resources to target\classes
2025-02-09 10:10:16,319 [Worker-20: Building] INFO  o.a.m.s.f.DefaultMavenResourcesFiltering - skip non existing resourceDirectory C:\Users\Shubham\Desktop\EasyHome\Property-Rental-System\src\test\resources
2025-02-09 10:11:33,892 [Worker-13: Building] INFO  o.a.m.s.f.DefaultMavenResourcesFiltering - Copying 0 resource from src\main\resources to target\classes
2025-02-09 10:11:33,894 [Worker-13: Building] INFO  o.a.m.s.f.DefaultMavenResourcesFiltering - Copying 0 resource from src\main\resources to target\classes
2025-02-09 10:11:33,897 [Worker-13: Building] INFO  o.a.m.s.f.DefaultMavenResourcesFiltering - skip non existing resourceDirectory C:\Users\Shubham\Desktop\EasyHome\Property-Rental-System\src\test\resources
2025-02-09 10:13:17,605 [Worker-13: Building] INFO  o.a.m.s.f.DefaultMavenResourcesFiltering - Copying 0 resource from src\main\resources to target\classes
2025-02-09 10:13:17,606 [Worker-13: Building] INFO  o.a.m.s.f.DefaultMavenResourcesFiltering - Copying 0 resource from src\main\resources to target\classes
2025-02-09 10:13:17,612 [Worker-13: Building] INFO  o.a.m.s.f.DefaultMavenResourcesFiltering - skip non existing resourceDirectory C:\Users\Shubham\Desktop\EasyHome\Property-Rental-System\src\test\resources
2025-02-09 11:58:51,201 [Worker-69: Launching Property-Rental-System - PropertRentalSystemApplication] INFO  o.a.m.s.f.DefaultMavenResourcesFiltering - Copying 0 resource from src\main\resources to target\classes
2025-02-09 11:58:51,206 [Worker-69: Launching Property-Rental-System - PropertRentalSystemApplication] INFO  o.a.m.s.f.DefaultMavenResourcesFiltering - Copying 0 resource from src\main\resources to target\classes
2025-02-09 11:58:51,211 [Worker-69: Launching Property-Rental-System - PropertRentalSystemApplication] INFO  o.a.m.s.f.DefaultMavenResourcesFiltering - skip non existing resourceDirectory C:\Users\Shubham\Desktop\EasyHome\Property-Rental-System\src\test\resources
2025-02-09 13:57:23,115 [Worker-91: Building] INFO  o.a.m.s.f.DefaultMavenResourcesFiltering - Copying 0 resource from src\main\resources to target\classes
2025-02-09 13:57:23,119 [Worker-91: Building] INFO  o.a.m.s.f.DefaultMavenResourcesFiltering - Copying 0 resource from src\main\resources to target\classes
2025-02-09 13:57:23,126 [Worker-91: Building] INFO  o.a.m.s.f.DefaultMavenResourcesFiltering - skip non existing resourceDirectory C:\Users\Shubham\Desktop\EasyHome\Property-Rental-System\src\test\resources
2025-02-09 17:17:36,055 [Worker-141: Building] INFO  o.a.m.s.f.DefaultMavenResourcesFiltering - Copying 0 resource from src\main\resources to target\classes
2025-02-09 17:17:36,068 [Worker-141: Building] INFO  o.a.m.s.f.DefaultMavenResourcesFiltering - Copying 0 resource from src\main\resources to target\classes
2025-02-09 17:17:36,086 [Worker-141: Building] INFO  o.a.m.s.f.DefaultMavenResourcesFiltering - skip non existing resourceDirectory C:\Users\Shubham\Desktop\EasyHome\Property-Rental-System\src\test\resources
2025-02-09 17:17:43,471 [Worker-133: Building] INFO  o.a.m.s.f.DefaultMavenResourcesFiltering - Copying 0 resource from src\main\resources to target\classes
2025-02-09 17:17:43,473 [Worker-133: Building] INFO  o.a.m.s.f.DefaultMavenResourcesFiltering - Copying 0 resource from src\main\resources to target\classes
2025-02-09 17:17:43,483 [Worker-133: Building] INFO  o.a.m.s.f.DefaultMavenResourcesFiltering - skip non existing resourceDirectory C:\Users\Shubham\Desktop\EasyHome\Property-Rental-System\src\test\resources
2025-02-09 21:52:41,129 [Worker-4: Loading available Gradle versions] INFO  o.e.b.c.i.u.g.PublishedGradleVersions - Gradle version information cache is up-to-date. Trying to read.
2025-02-10 10:51:30,979 [Worker-1: Loading available Gradle versions] INFO  o.e.b.c.i.u.g.PublishedGradleVersions - Gradle version information cache is out-of-date. Trying to update.
2025-02-10 21:31:43,676 [Worker-7: Loading available Gradle versions] INFO  o.e.b.c.i.u.g.PublishedGradleVersions - Gradle version information cache is up-to-date. Trying to read.
2025-02-10 22:51:40,525 [Worker-11: Building] INFO  o.e.m.c.i.e.AbstractTransferListenerAdapter - Downloading https://repo.maven.apache.org/maven2/com/itextpdf/itextpdf/5.5.13.4/itextpdf-5.5.13.4.pom
2025-02-10 22:51:40,555 [Worker-11: Building] INFO  o.e.m.c.i.e.AbstractTransferListenerAdapter - Downloaded https://repo.maven.apache.org/maven2/com/itextpdf/itextpdf/5.5.13.4/itextpdf-5.5.13.4.pom
2025-02-10 22:51:40,584 [Worker-11: Building] INFO  o.e.m.c.i.e.AbstractTransferListenerAdapter - Downloading https://repo.maven.apache.org/maven2/com/itextpdf/itext-parent/1.0.0/itext-parent-1.0.0.pom
2025-02-10 22:51:40,595 [Worker-11: Building] INFO  o.e.m.c.i.e.AbstractTransferListenerAdapter - Downloaded https://repo.maven.apache.org/maven2/com/itextpdf/itext-parent/1.0.0/itext-parent-1.0.0.pom
2025-02-10 22:51:40,852 [Worker-11: Building] INFO  o.e.m.c.i.e.AbstractTransferListenerAdapter - Downloading https://repo.maven.apache.org/maven2/com/itextpdf/itextpdf/5.5.13.4/itextpdf-5.5.13.4.jar
2025-02-10 22:51:41,390 [Worker-11: Building] INFO  o.e.m.c.i.e.AbstractTransferListenerAdapter - Downloaded https://repo.maven.apache.org/maven2/com/itextpdf/itextpdf/5.5.13.4/itextpdf-5.5.13.4.jar
2025-02-10 22:51:42,170 [Worker-11: Building] INFO  o.e.m.c.i.l.LifecycleMappingFactory - Using org.eclipse.m2e.jdt.JarLifecycleMapping lifecycle mapping for MavenProject: com.prs:Propert-Rental-System:0.0.1-SNAPSHOT @ C:\Users\Shubham\Desktop\EasyHome\Property-Rental-System\pom.xml.
2025-02-10 22:51:43,432 [Worker-11: Building] INFO  o.a.m.s.f.DefaultMavenResourcesFiltering - Copying 1 resource from src\main\resources to target\classes
2025-02-10 22:51:43,453 [Worker-11: Building] INFO  o.a.m.s.f.DefaultMavenResourcesFiltering - Copying 0 resource from src\main\resources to target\classes
2025-02-10 22:51:43,457 [Worker-11: Building] INFO  o.a.m.s.f.DefaultMavenResourcesFiltering - skip non existing resourceDirectory C:\Users\Shubham\Desktop\EasyHome\Property-Rental-System\src\test\resources
2025-02-10 22:51:44,473 [Worker-21: Download sources and javadoc] INFO  o.e.m.c.i.e.AbstractTransferListenerAdapter - Downloading https://repo.maven.apache.org/maven2/com/itextpdf/itextpdf/5.5.13.4/itextpdf-5.5.13.4-sources.jar
2025-02-10 22:51:45,015 [Worker-21: Download sources and javadoc] INFO  o.e.m.c.i.e.AbstractTransferListenerAdapter - Downloaded https://repo.maven.apache.org/maven2/com/itextpdf/itextpdf/5.5.13.4/itextpdf-5.5.13.4-sources.jar
2025-02-10 22:51:45,023 [Worker-21: Download sources and javadoc] INFO  o.e.m.j.internal.DownloadSourcesJob - Downloaded sources for com.itextpdf:itextpdf:5.5.13.4
2025-02-10 22:51:47,614 [Worker-19: Building] INFO  o.a.m.s.f.DefaultMavenResourcesFiltering - Copying 1 resource from src\main\resources to target\classes
2025-02-10 22:51:47,636 [Worker-19: Building] INFO  o.a.m.s.f.DefaultMavenResourcesFiltering - Copying 0 resource from src\main\resources to target\classes
2025-02-10 22:51:47,642 [Worker-19: Building] INFO  o.a.m.s.f.DefaultMavenResourcesFiltering - skip non existing resourceDirectory C:\Users\Shubham\Desktop\EasyHome\Property-Rental-System\src\test\resources
2025-02-10 22:53:40,700 [Worker-20: Updating Maven Project] INFO  o.e.m.c.i.p.ProjectConfigurationManager - Update started
2025-02-10 22:53:41,323 [Worker-20: Updating Maven Project] INFO  o.e.m.c.i.l.LifecycleMappingFactory - Using org.eclipse.m2e.jdt.JarLifecycleMapping lifecycle mapping for MavenProject: com.prs:Propert-Rental-System:0.0.1-SNAPSHOT @ C:\Users\Shubham\Desktop\EasyHome\Property-Rental-System\pom.xml.
2025-02-10 22:53:42,565 [Worker-20: Updating Maven Project] INFO  o.e.m.j.i.AbstractJavaProjectConfigurator - Adding source folder /Property-Rental-System/src/main/java
2025-02-10 22:53:42,568 [Worker-20: Updating Maven Project] INFO  o.e.m.j.i.AbstractJavaProjectConfigurator - Adding resource folder /Property-Rental-System/src/main/resources
2025-02-10 22:53:42,569 [Worker-20: Updating Maven Project] INFO  o.e.m.j.i.AbstractJavaProjectConfigurator - Adding resource folder /Property-Rental-System/src/main/resources
2025-02-10 22:53:42,570 [Worker-20: Updating Maven Project] INFO  o.e.m.j.i.AbstractJavaProjectConfigurator - Adding source folder /Property-Rental-System/src/test/java
2025-02-10 22:53:42,571 [Worker-20: Updating Maven Project] INFO  o.e.m.j.i.AbstractJavaProjectConfigurator - Adding resource folder /Property-Rental-System/src/test/resources
2025-02-10 22:53:43,164 [Worker-20: Updating Maven Project] INFO  o.e.m.c.i.p.ProjectConfigurationManager - Update completed for 1 poms: local refresh takes 0.00 sec, refresh facades takes 1.00 sec, update config takes 0.00 sec 
2025-02-10 22:53:44,222 [Worker-23: Building] INFO  o.a.m.s.f.DefaultMavenResourcesFiltering - Copying 1 resource from src\main\resources to target\classes
2025-02-10 22:53:44,254 [Worker-23: Building] INFO  o.a.m.s.f.DefaultMavenResourcesFiltering - Copying 0 resource from src\main\resources to target\classes
2025-02-10 22:53:44,262 [Worker-23: Building] INFO  o.a.m.s.f.DefaultMavenResourcesFiltering - skip non existing resourceDirectory C:\Users\Shubham\Desktop\EasyHome\Property-Rental-System\src\test\resources
2025-02-10 22:53:56,369 [main] INFO  o.e.m2e.actions.ExecutePomAction - Creating new launch configuration
2025-02-10 22:54:06,811 [Worker-19: Launching Property-Rental-System (1)] INFO  o.eclipse.m2e.core.internal.Bundles - getClasspathEntries(Bundle=org.eclipse.m2e.maven.runtime_3.9.900.20240824-1409 [360])
2025-02-10 22:54:06,814 [Worker-19: Launching Property-Rental-System (1)] INFO  o.eclipse.m2e.core.internal.Bundles - 	Entry: C:\sts-bundle\sts-4.26.0.RELEASE\plugins\org.eclipse.m2e.maven.runtime_3.9.900.20240824-1409
2025-02-10 22:54:06,814 [Worker-19: Launching Property-Rental-System (1)] INFO  o.eclipse.m2e.core.internal.Bundles - 	Entry: C:\sts-bundle\sts-4.26.0.RELEASE\plugins\org.eclipse.m2e.maven.runtime_3.9.900.20240824-1409\jars\aopalliance-1.0.jar
2025-02-10 22:54:06,814 [Worker-19: Launching Property-Rental-System (1)] INFO  o.eclipse.m2e.core.internal.Bundles - 	Entry: C:\sts-bundle\sts-4.26.0.RELEASE\plugins\org.eclipse.m2e.maven.runtime_3.9.900.20240824-1409\jars\guice-5.1.0.jar
2025-02-10 22:54:06,815 [Worker-19: Launching Property-Rental-System (1)] INFO  o.eclipse.m2e.core.internal.Bundles - 	Entry: C:\sts-bundle\sts-4.26.0.RELEASE\plugins\org.eclipse.m2e.maven.runtime_3.9.900.20240824-1409\jars\httpclient-4.5.14.jar
2025-02-10 22:54:06,815 [Worker-19: Launching Property-Rental-System (1)] INFO  o.eclipse.m2e.core.internal.Bundles - 	Entry: C:\sts-bundle\sts-4.26.0.RELEASE\plugins\org.eclipse.m2e.maven.runtime_3.9.900.20240824-1409\jars\httpcore-4.4.16.jar
2025-02-10 22:54:06,816 [Worker-19: Launching Property-Rental-System (1)] INFO  o.eclipse.m2e.core.internal.Bundles - 	Entry: C:\sts-bundle\sts-4.26.0.RELEASE\plugins\org.eclipse.m2e.maven.runtime_3.9.900.20240824-1409\jars\jansi-2.4.1.jar
2025-02-10 22:54:06,816 [Worker-19: Launching Property-Rental-System (1)] INFO  o.eclipse.m2e.core.internal.Bundles - 	Entry: C:\sts-bundle\sts-4.26.0.RELEASE\plugins\org.eclipse.m2e.maven.runtime_3.9.900.20240824-1409\jars\jcl-over-slf4j-1.7.36.jar
2025-02-10 22:54:06,817 [Worker-19: Launching Property-Rental-System (1)] INFO  o.eclipse.m2e.core.internal.Bundles - 	Entry: C:\sts-bundle\sts-4.26.0.RELEASE\plugins\org.eclipse.m2e.maven.runtime_3.9.900.20240824-1409\jars\maven-artifact-3.9.9.jar
2025-02-10 22:54:06,818 [Worker-19: Launching Property-Rental-System (1)] INFO  o.eclipse.m2e.core.internal.Bundles - 	Entry: C:\sts-bundle\sts-4.26.0.RELEASE\plugins\org.eclipse.m2e.maven.runtime_3.9.900.20240824-1409\jars\maven-builder-support-3.9.9.jar
2025-02-10 22:54:06,819 [Worker-19: Launching Property-Rental-System (1)] INFO  o.eclipse.m2e.core.internal.Bundles - 	Entry: C:\sts-bundle\sts-4.26.0.RELEASE\plugins\org.eclipse.m2e.maven.runtime_3.9.900.20240824-1409\jars\maven-compat-3.9.9.jar
2025-02-10 22:54:06,819 [Worker-19: Launching Property-Rental-System (1)] INFO  o.eclipse.m2e.core.internal.Bundles - 	Entry: C:\sts-bundle\sts-4.26.0.RELEASE\plugins\org.eclipse.m2e.maven.runtime_3.9.900.20240824-1409\jars\maven-core-3.9.9.jar
2025-02-10 22:54:06,820 [Worker-19: Launching Property-Rental-System (1)] INFO  o.eclipse.m2e.core.internal.Bundles - 	Entry: C:\sts-bundle\sts-4.26.0.RELEASE\plugins\org.eclipse.m2e.maven.runtime_3.9.900.20240824-1409\jars\maven-embedder-3.9.9.jar
2025-02-10 22:54:06,820 [Worker-19: Launching Property-Rental-System (1)] INFO  o.eclipse.m2e.core.internal.Bundles - 	Entry: C:\sts-bundle\sts-4.26.0.RELEASE\plugins\org.eclipse.m2e.maven.runtime_3.9.900.20240824-1409\jars\maven-model-3.9.9.jar
2025-02-10 22:54:06,820 [Worker-19: Launching Property-Rental-System (1)] INFO  o.eclipse.m2e.core.internal.Bundles - 	Entry: C:\sts-bundle\sts-4.26.0.RELEASE\plugins\org.eclipse.m2e.maven.runtime_3.9.900.20240824-1409\jars\maven-model-builder-3.9.9.jar
2025-02-10 22:54:06,821 [Worker-19: Launching Property-Rental-System (1)] INFO  o.eclipse.m2e.core.internal.Bundles - 	Entry: C:\sts-bundle\sts-4.26.0.RELEASE\plugins\org.eclipse.m2e.maven.runtime_3.9.900.20240824-1409\jars\maven-plugin-api-3.9.9.jar
2025-02-10 22:54:06,821 [Worker-19: Launching Property-Rental-System (1)] INFO  o.eclipse.m2e.core.internal.Bundles - 	Entry: C:\sts-bundle\sts-4.26.0.RELEASE\plugins\org.eclipse.m2e.maven.runtime_3.9.900.20240824-1409\jars\maven-repository-metadata-3.9.9.jar
2025-02-10 22:54:06,821 [Worker-19: Launching Property-Rental-System (1)] INFO  o.eclipse.m2e.core.internal.Bundles - 	Entry: C:\sts-bundle\sts-4.26.0.RELEASE\plugins\org.eclipse.m2e.maven.runtime_3.9.900.20240824-1409\jars\maven-resolver-api-1.9.22.jar
2025-02-10 22:54:06,821 [Worker-19: Launching Property-Rental-System (1)] INFO  o.eclipse.m2e.core.internal.Bundles - 	Entry: C:\sts-bundle\sts-4.26.0.RELEASE\plugins\org.eclipse.m2e.maven.runtime_3.9.900.20240824-1409\jars\maven-resolver-connector-basic-1.9.22.jar
2025-02-10 22:54:06,821 [Worker-19: Launching Property-Rental-System (1)] INFO  o.eclipse.m2e.core.internal.Bundles - 	Entry: C:\sts-bundle\sts-4.26.0.RELEASE\plugins\org.eclipse.m2e.maven.runtime_3.9.900.20240824-1409\jars\maven-resolver-impl-1.9.22.jar
2025-02-10 22:54:06,821 [Worker-19: Launching Property-Rental-System (1)] INFO  o.eclipse.m2e.core.internal.Bundles - 	Entry: C:\sts-bundle\sts-4.26.0.RELEASE\plugins\org.eclipse.m2e.maven.runtime_3.9.900.20240824-1409\jars\maven-resolver-named-locks-1.9.22.jar
2025-02-10 22:54:06,821 [Worker-19: Launching Property-Rental-System (1)] INFO  o.eclipse.m2e.core.internal.Bundles - 	Entry: C:\sts-bundle\sts-4.26.0.RELEASE\plugins\org.eclipse.m2e.maven.runtime_3.9.900.20240824-1409\jars\maven-resolver-provider-3.9.9.jar
2025-02-10 22:54:06,822 [Worker-19: Launching Property-Rental-System (1)] INFO  o.eclipse.m2e.core.internal.Bundles - 	Entry: C:\sts-bundle\sts-4.26.0.RELEASE\plugins\org.eclipse.m2e.maven.runtime_3.9.900.20240824-1409\jars\maven-resolver-spi-1.9.22.jar
2025-02-10 22:54:06,822 [Worker-19: Launching Property-Rental-System (1)] INFO  o.eclipse.m2e.core.internal.Bundles - 	Entry: C:\sts-bundle\sts-4.26.0.RELEASE\plugins\org.eclipse.m2e.maven.runtime_3.9.900.20240824-1409\jars\maven-resolver-transport-file-1.9.22.jar
2025-02-10 22:54:06,822 [Worker-19: Launching Property-Rental-System (1)] INFO  o.eclipse.m2e.core.internal.Bundles - 	Entry: C:\sts-bundle\sts-4.26.0.RELEASE\plugins\org.eclipse.m2e.maven.runtime_3.9.900.20240824-1409\jars\maven-resolver-transport-http-1.9.22.jar
2025-02-10 22:54:06,822 [Worker-19: Launching Property-Rental-System (1)] INFO  o.eclipse.m2e.core.internal.Bundles - 	Entry: C:\sts-bundle\sts-4.26.0.RELEASE\plugins\org.eclipse.m2e.maven.runtime_3.9.900.20240824-1409\jars\maven-resolver-transport-wagon-1.9.22.jar
2025-02-10 22:54:06,822 [Worker-19: Launching Property-Rental-System (1)] INFO  o.eclipse.m2e.core.internal.Bundles - 	Entry: C:\sts-bundle\sts-4.26.0.RELEASE\plugins\org.eclipse.m2e.maven.runtime_3.9.900.20240824-1409\jars\maven-resolver-util-1.9.22.jar
2025-02-10 22:54:06,822 [Worker-19: Launching Property-Rental-System (1)] INFO  o.eclipse.m2e.core.internal.Bundles - 	Entry: C:\sts-bundle\sts-4.26.0.RELEASE\plugins\org.eclipse.m2e.maven.runtime_3.9.900.20240824-1409\jars\maven-settings-3.9.9.jar
2025-02-10 22:54:06,822 [Worker-19: Launching Property-Rental-System (1)] INFO  o.eclipse.m2e.core.internal.Bundles - 	Entry: C:\sts-bundle\sts-4.26.0.RELEASE\plugins\org.eclipse.m2e.maven.runtime_3.9.900.20240824-1409\jars\maven-settings-builder-3.9.9.jar
2025-02-10 22:54:06,822 [Worker-19: Launching Property-Rental-System (1)] INFO  o.eclipse.m2e.core.internal.Bundles - 	Entry: C:\sts-bundle\sts-4.26.0.RELEASE\plugins\org.eclipse.m2e.maven.runtime_3.9.900.20240824-1409\jars\maven-shared-utils-3.4.2.jar
2025-02-10 22:54:06,824 [Worker-19: Launching Property-Rental-System (1)] INFO  o.eclipse.m2e.core.internal.Bundles - 	Entry: C:\sts-bundle\sts-4.26.0.RELEASE\plugins\org.eclipse.m2e.maven.runtime_3.9.900.20240824-1409\jars\org.eclipse.sisu.inject-0.9.0.M3.jar
2025-02-10 22:54:06,824 [Worker-19: Launching Property-Rental-System (1)] INFO  o.eclipse.m2e.core.internal.Bundles - 	Entry: C:\sts-bundle\sts-4.26.0.RELEASE\plugins\org.eclipse.m2e.maven.runtime_3.9.900.20240824-1409\jars\org.eclipse.sisu.plexus-0.9.0.M3.jar
2025-02-10 22:54:06,824 [Worker-19: Launching Property-Rental-System (1)] INFO  o.eclipse.m2e.core.internal.Bundles - 	Entry: C:\sts-bundle\sts-4.26.0.RELEASE\plugins\org.eclipse.m2e.maven.runtime_3.9.900.20240824-1409\jars\plexus-build-api-0.0.7.jar
2025-02-10 22:54:06,824 [Worker-19: Launching Property-Rental-System (1)] INFO  o.eclipse.m2e.core.internal.Bundles - 	Entry: C:\sts-bundle\sts-4.26.0.RELEASE\plugins\org.eclipse.m2e.maven.runtime_3.9.900.20240824-1409\jars\plexus-build-api-1.2.0.jar
2025-02-10 22:54:06,824 [Worker-19: Launching Property-Rental-System (1)] INFO  o.eclipse.m2e.core.internal.Bundles - 	Entry: C:\sts-bundle\sts-4.26.0.RELEASE\plugins\org.eclipse.m2e.maven.runtime_3.9.900.20240824-1409\jars\plexus-cipher-2.0.jar
2025-02-10 22:54:06,824 [Worker-19: Launching Property-Rental-System (1)] INFO  o.eclipse.m2e.core.internal.Bundles - 	Entry: C:\sts-bundle\sts-4.26.0.RELEASE\plugins\org.eclipse.m2e.maven.runtime_3.9.900.20240824-1409\jars\plexus-classworlds-2.8.0.jar
2025-02-10 22:54:06,824 [Worker-19: Launching Property-Rental-System (1)] INFO  o.eclipse.m2e.core.internal.Bundles - 	Entry: C:\sts-bundle\sts-4.26.0.RELEASE\plugins\org.eclipse.m2e.maven.runtime_3.9.900.20240824-1409\jars\plexus-component-annotations-2.1.0.jar
2025-02-10 22:54:06,824 [Worker-19: Launching Property-Rental-System (1)] INFO  o.eclipse.m2e.core.internal.Bundles - 	Entry: C:\sts-bundle\sts-4.26.0.RELEASE\plugins\org.eclipse.m2e.maven.runtime_3.9.900.20240824-1409\jars\plexus-interpolation-1.27.jar
2025-02-10 22:54:06,825 [Worker-19: Launching Property-Rental-System (1)] INFO  o.eclipse.m2e.core.internal.Bundles - 	Entry: C:\sts-bundle\sts-4.26.0.RELEASE\plugins\org.eclipse.m2e.maven.runtime_3.9.900.20240824-1409\jars\plexus-sec-dispatcher-2.0.jar
2025-02-10 22:54:06,825 [Worker-19: Launching Property-Rental-System (1)] INFO  o.eclipse.m2e.core.internal.Bundles - 	Entry: C:\sts-bundle\sts-4.26.0.RELEASE\plugins\org.eclipse.m2e.maven.runtime_3.9.900.20240824-1409\jars\plexus-utils-3.5.1.jar
2025-02-10 22:54:06,825 [Worker-19: Launching Property-Rental-System (1)] INFO  o.eclipse.m2e.core.internal.Bundles - 	Entry: C:\sts-bundle\sts-4.26.0.RELEASE\plugins\org.eclipse.m2e.maven.runtime_3.9.900.20240824-1409\jars\plexus-xml-3.0.1.jar
2025-02-10 22:54:06,825 [Worker-19: Launching Property-Rental-System (1)] INFO  o.eclipse.m2e.core.internal.Bundles - 	Entry: C:\sts-bundle\sts-4.26.0.RELEASE\plugins\org.eclipse.m2e.maven.runtime_3.9.900.20240824-1409\jars\wagon-file-3.5.3.jar
2025-02-10 22:54:06,825 [Worker-19: Launching Property-Rental-System (1)] INFO  o.eclipse.m2e.core.internal.Bundles - 	Entry: C:\sts-bundle\sts-4.26.0.RELEASE\plugins\org.eclipse.m2e.maven.runtime_3.9.900.20240824-1409\jars\wagon-http-3.5.3.jar
2025-02-10 22:54:06,825 [Worker-19: Launching Property-Rental-System (1)] INFO  o.eclipse.m2e.core.internal.Bundles - 	Entry: C:\sts-bundle\sts-4.26.0.RELEASE\plugins\org.eclipse.m2e.maven.runtime_3.9.900.20240824-1409\jars\wagon-http-shared-3.5.3.jar
2025-02-10 22:54:06,825 [Worker-19: Launching Property-Rental-System (1)] INFO  o.eclipse.m2e.core.internal.Bundles - 	Entry: C:\sts-bundle\sts-4.26.0.RELEASE\plugins\org.eclipse.m2e.maven.runtime_3.9.900.20240824-1409\jars\wagon-provider-api-3.5.3.jar
2025-02-10 22:54:06,827 [Worker-19: Launching Property-Rental-System (1)] INFO  o.eclipse.m2e.core.internal.Bundles - getClasspathEntries(Bundle=com.google.guava_33.3.0.jre [29])
2025-02-10 22:54:06,828 [Worker-19: Launching Property-Rental-System (1)] INFO  o.eclipse.m2e.core.internal.Bundles - 	Entry: C:\sts-bundle\sts-4.26.0.RELEASE\plugins\com.google.guava_33.3.0.jre.jar
2025-02-10 22:54:06,828 [Worker-19: Launching Property-Rental-System (1)] INFO  o.eclipse.m2e.core.internal.Bundles - getClasspathEntries(Bundle=slf4j.api_2.0.16 [593])
2025-02-10 22:54:06,828 [Worker-19: Launching Property-Rental-System (1)] INFO  o.eclipse.m2e.core.internal.Bundles - 	Entry: C:\sts-bundle\sts-4.26.0.RELEASE\plugins\slf4j.api_2.0.16.jar
2025-02-10 22:54:06,828 [Worker-19: Launching Property-Rental-System (1)] INFO  o.eclipse.m2e.core.internal.Bundles - getClasspathEntries(Bundle=jakarta.inject.jakarta.inject-api_1.0.5 [45])
2025-02-10 22:54:06,828 [Worker-19: Launching Property-Rental-System (1)] INFO  o.eclipse.m2e.core.internal.Bundles - 	Entry: C:\sts-bundle\sts-4.26.0.RELEASE\plugins\jakarta.inject.jakarta.inject-api_1.0.5.jar
2025-02-10 22:54:06,828 [Worker-19: Launching Property-Rental-System (1)] INFO  o.eclipse.m2e.core.internal.Bundles - getClasspathEntries(Bundle=jakarta.annotation-api_1.3.5 [41])
2025-02-10 22:54:06,829 [Worker-19: Launching Property-Rental-System (1)] INFO  o.eclipse.m2e.core.internal.Bundles - 	Entry: C:\sts-bundle\sts-4.26.0.RELEASE\plugins\jakarta.annotation-api_1.3.5.jar
2025-02-10 22:54:06,829 [Worker-19: Launching Property-Rental-System (1)] INFO  o.eclipse.m2e.core.internal.Bundles - getClasspathEntries(Bundle=org.apache.commons.cli_1.9.0 [77])
2025-02-10 22:54:06,829 [Worker-19: Launching Property-Rental-System (1)] INFO  o.eclipse.m2e.core.internal.Bundles - 	Entry: C:\sts-bundle\sts-4.26.0.RELEASE\plugins\org.apache.commons.cli_1.9.0.jar
2025-02-10 22:54:06,829 [Worker-19: Launching Property-Rental-System (1)] INFO  o.eclipse.m2e.core.internal.Bundles - getClasspathEntries(Bundle=org.apache.commons.commons-codec_1.16.0 [80])
2025-02-10 22:54:06,829 [Worker-19: Launching Property-Rental-System (1)] INFO  o.eclipse.m2e.core.internal.Bundles - 	Entry: C:\sts-bundle\sts-4.26.0.RELEASE\plugins\org.apache.commons.commons-codec_1.16.0.jar
2025-02-10 22:54:06,829 [Worker-19: Launching Property-Rental-System (1)] INFO  o.eclipse.m2e.core.internal.Bundles - getClasspathEntries(Bundle=com.google.guava.failureaccess_1.0.2 [30])
2025-02-10 22:54:06,830 [Worker-19: Launching Property-Rental-System (1)] INFO  o.eclipse.m2e.core.internal.Bundles - 	Entry: C:\sts-bundle\sts-4.26.0.RELEASE\plugins\com.google.guava.failureaccess_1.0.2.jar
2025-02-10 22:54:06,833 [Worker-19: Launching Property-Rental-System (1)] INFO  o.e.m.i.launch.MavenLaunchDelegate - Run build in "C:\Users\Shubham\Desktop\EasyHome\Property-Rental-System":
2025-02-10 22:54:06,838 [Worker-19: Launching Property-Rental-System (1)] INFO  o.e.m.i.launch.MavenLaunchDelegate -  mvn  -B -Dmaven.test.skip=true -DskipTests -Dstyle.color=always clean package
2025-02-10 22:54:06,927 [Worker-11: Building] INFO  o.a.m.s.f.DefaultMavenResourcesFiltering - Copying 1 resource from src\main\resources to target\classes
2025-02-10 22:54:06,939 [Worker-11: Building] INFO  o.a.m.s.f.DefaultMavenResourcesFiltering - Copying 0 resource from src\main\resources to target\classes
2025-02-10 22:54:06,943 [Worker-11: Building] INFO  o.a.m.s.f.DefaultMavenResourcesFiltering - skip non existing resourceDirectory C:\Users\Shubham\Desktop\EasyHome\Property-Rental-System\src\test\resources
2025-02-11 00:24:21,799 [Worker-35: Building] INFO  o.a.m.s.f.DefaultMavenResourcesFiltering - Copying 0 resource from src\main\resources to target\classes
2025-02-11 00:24:21,802 [Worker-35: Building] INFO  o.a.m.s.f.DefaultMavenResourcesFiltering - Copying 0 resource from src\main\resources to target\classes
2025-02-11 00:24:21,807 [Worker-35: Building] INFO  o.a.m.s.f.DefaultMavenResourcesFiltering - skip non existing resourceDirectory C:\Users\Shubham\Desktop\EasyHome\Property-Rental-System\src\test\resources
2025-02-11 00:29:20,873 [Worker-33: Building] INFO  o.a.m.s.f.DefaultMavenResourcesFiltering - Copying 1 resource from src\main\resources to target\classes
2025-02-11 00:29:20,877 [Worker-33: Building] INFO  o.a.m.s.f.DefaultMavenResourcesFiltering - Copying 0 resource from src\main\resources to target\classes
2025-02-11 00:29:20,883 [Worker-33: Building] INFO  o.a.m.s.f.DefaultMavenResourcesFiltering - skip non existing resourceDirectory C:\Users\Shubham\Desktop\EasyHome\Property-Rental-System\src\test\resources
2025-02-11 11:49:26,108 [Worker-1: Loading available Gradle versions] INFO  o.e.b.c.i.u.g.PublishedGradleVersions - Gradle version information cache is out-of-date. Trying to update.
2025-02-12 09:42:02,997 [Worker-3: Loading available Gradle versions] INFO  o.e.b.c.i.u.g.PublishedGradleVersions - Gradle version information cache is up-to-date. Trying to read.
2025-02-12 12:11:16,739 [Worker-5: Loading available Gradle versions] INFO  o.e.b.c.i.u.g.PublishedGradleVersions - Gradle version information cache is out-of-date. Trying to update.
2025-02-12 12:11:18,096 [Worker-5: Loading available Gradle versions] INFO  o.e.b.c.i.u.g.PublishedGradleVersions - Updating Gradle version information cache failed. Using outdated cache.
2025-02-12 12:30:45,758 [Worker-16: Building] INFO  o.a.m.s.f.DefaultMavenResourcesFiltering - Copying 1 resource from src\main\resources to target\classes
2025-02-12 12:30:45,802 [Worker-16: Building] INFO  o.a.m.s.f.DefaultMavenResourcesFiltering - Copying 0 resource from src\main\resources to target\classes
2025-02-12 12:30:45,813 [Worker-16: Building] INFO  o.a.m.s.f.DefaultMavenResourcesFiltering - skip non existing resourceDirectory C:\Users\Shubham\Desktop\EasyHome\Property-Rental-System\src\test\resources
2025-02-12 12:33:20,869 [Worker-2: Building] INFO  o.a.m.s.f.DefaultMavenResourcesFiltering - Copying 0 resource from src\main\resources to target\classes
2025-02-12 12:33:20,871 [Worker-2: Building] INFO  o.a.m.s.f.DefaultMavenResourcesFiltering - Copying 0 resource from src\main\resources to target\classes
2025-02-12 12:33:20,878 [Worker-2: Building] INFO  o.a.m.s.f.DefaultMavenResourcesFiltering - skip non existing resourceDirectory C:\Users\Shubham\Desktop\EasyHome\Property-Rental-System\src\test\resources
2025-02-13 09:14:00,497 [Worker-1: Loading available Gradle versions] INFO  o.e.b.c.i.u.g.PublishedGradleVersions - Gradle version information cache is out-of-date. Trying to update.
2025-02-13 20:11:33,739 [Worker-2: Loading available Gradle versions] INFO  o.e.b.c.i.u.g.PublishedGradleVersions - Gradle version information cache is up-to-date. Trying to read.
2025-02-13 20:21:39,526 [Worker-2: Loading available Gradle versions] INFO  o.e.b.c.i.u.g.PublishedGradleVersions - Gradle version information cache is up-to-date. Trying to read.
2025-02-13 20:22:33,980 [Worker-4: Launching Property-Rental-System - PropertRentalSystemApplication] INFO  o.a.m.s.f.DefaultMavenResourcesFiltering - Copying 1 resource from src\main\resources to target\classes
2025-02-13 20:22:34,022 [Worker-4: Launching Property-Rental-System - PropertRentalSystemApplication] INFO  o.a.m.s.f.DefaultMavenResourcesFiltering - Copying 0 resource from src\main\resources to target\classes
2025-02-13 20:22:34,030 [Worker-4: Launching Property-Rental-System - PropertRentalSystemApplication] INFO  o.a.m.s.f.DefaultMavenResourcesFiltering - skip non existing resourceDirectory C:\Users\Shubham\Desktop\EasyHome\Property-Rental-System\src\test\resources
2025-02-13 20:22:36,057 [Worker-11: Building] INFO  o.a.m.s.f.DefaultMavenResourcesFiltering - Copying 1 resource from src\main\resources to target\classes
2025-02-13 20:22:36,061 [Worker-11: Building] INFO  o.a.m.s.f.DefaultMavenResourcesFiltering - Copying 0 resource from src\main\resources to target\classes
2025-02-13 20:22:36,067 [Worker-11: Building] INFO  o.a.m.s.f.DefaultMavenResourcesFiltering - skip non existing resourceDirectory C:\Users\Shubham\Desktop\EasyHome\Property-Rental-System\src\test\resources
2025-02-13 23:28:54,161 [Worker-4: Loading available Gradle versions] INFO  o.e.b.c.i.u.g.PublishedGradleVersions - Gradle version information cache is up-to-date. Trying to read.
2025-02-14 08:37:15,225 [Worker-27: Building] INFO  o.a.m.s.f.DefaultMavenResourcesFiltering - Copying 1 resource from src\main\resources to target\classes
2025-02-14 08:37:15,262 [Worker-27: Building] INFO  o.a.m.s.f.DefaultMavenResourcesFiltering - Copying 0 resource from src\main\resources to target\classes
2025-02-14 08:37:15,270 [Worker-27: Building] INFO  o.a.m.s.f.DefaultMavenResourcesFiltering - skip non existing resourceDirectory C:\Users\Shubham\Desktop\EasyHome\Property-Rental-System\src\test\resources
2025-02-14 08:46:44,548 [Worker-36: Building] INFO  o.a.m.s.f.DefaultMavenResourcesFiltering - Copying 1 resource from src\main\resources to target\classes
2025-02-14 08:46:44,556 [Worker-36: Building] INFO  o.a.m.s.f.DefaultMavenResourcesFiltering - Copying 0 resource from src\main\resources to target\classes
2025-02-14 08:46:44,559 [Worker-36: Building] INFO  o.a.m.s.f.DefaultMavenResourcesFiltering - skip non existing resourceDirectory C:\Users\Shubham\Desktop\EasyHome\Property-Rental-System\src\test\resources
2025-02-14 16:19:08,462 [Worker-77: Building] INFO  o.a.m.s.f.DefaultMavenResourcesFiltering - Copying 1 resource from src\main\resources to target\classes
2025-02-14 16:19:08,480 [Worker-77: Building] INFO  o.a.m.s.f.DefaultMavenResourcesFiltering - Copying 0 resource from src\main\resources to target\classes
2025-02-14 16:19:08,494 [Worker-77: Building] INFO  o.a.m.s.f.DefaultMavenResourcesFiltering - skip non existing resourceDirectory C:\Users\Shubham\Desktop\EasyHome\Property-Rental-System\src\test\resources
